28-Jan-2022 12:26:28.887 INFO [main] org.apache.catalina.startup.VersionLoggerListener.log Server version name:   Apache Tomcat/9.0.55
28-Jan-2022 12:26:28.887 INFO [main] org.apache.catalina.startup.VersionLoggerListener.log Server built:          Nov 10 2021 08:26:45 UTC
28-Jan-2022 12:26:28.887 INFO [main] org.apache.catalina.startup.VersionLoggerListener.log Server version number: 9.0.55.0
28-Jan-2022 12:26:28.887 INFO [main] org.apache.catalina.startup.VersionLoggerListener.log OS Name:               Windows 10
28-Jan-2022 12:26:28.887 INFO [main] org.apache.catalina.startup.VersionLoggerListener.log OS Version:            10.0
28-Jan-2022 12:26:28.887 INFO [main] org.apache.catalina.startup.VersionLoggerListener.log Architecture:          amd64
28-Jan-2022 12:26:28.887 INFO [main] org.apache.catalina.startup.VersionLoggerListener.log Java Home:             C:\Users\mulla\AppData\Local\Programs\Eclipse Adoptium\jdk-17.0.1.12-hotspot
28-Jan-2022 12:26:28.892 INFO [main] org.apache.catalina.startup.VersionLoggerListener.log JVM Version:           17.0.1+12
28-Jan-2022 12:26:28.892 INFO [main] org.apache.catalina.startup.VersionLoggerListener.log JVM Vendor:            Eclipse Adoptium
28-Jan-2022 12:26:28.892 INFO [main] org.apache.catalina.startup.VersionLoggerListener.log CATALINA_BASE:         C:\Users\mulla\OneDrive\Documents\GitHub\TomCatChatter\apache-tomcat-8.5.0
28-Jan-2022 12:26:28.892 INFO [main] org.apache.catalina.startup.VersionLoggerListener.log CATALINA_HOME:         C:\Users\mulla\OneDrive\Documents\GitHub\TomCatChatter\apache-tomcat-8.5.0
28-Jan-2022 12:26:28.966 INFO [main] org.apache.catalina.startup.VersionLoggerListener.log Command line argument: -Djava.util.logging.config.file=C:\Users\mulla\OneDrive\Documents\GitHub\TomCatChatter\apache-tomcat-8.5.0\conf\logging.properties
28-Jan-2022 12:26:28.966 INFO [main] org.apache.catalina.startup.VersionLoggerListener.log Command line argument: -Djava.util.logging.manager=org.apache.juli.ClassLoaderLogManager
28-Jan-2022 12:26:28.966 INFO [main] org.apache.catalina.startup.VersionLoggerListener.log Command line argument: -Dcatalina.base=C:\Users\mulla\OneDrive\Documents\GitHub\TomCatChatter\apache-tomcat-8.5.0
28-Jan-2022 12:26:28.966 INFO [main] org.apache.catalina.startup.VersionLoggerListener.log Command line argument: -Dcatalina.home=C:\Users\mulla\OneDrive\Documents\GitHub\TomCatChatter\apache-tomcat-8.5.0
28-Jan-2022 12:26:28.966 INFO [main] org.apache.catalina.startup.VersionLoggerListener.log Command line argument: -Djava.io.tmpdir=C:\Users\mulla\OneDrive\Documents\GitHub\TomCatChatter\apache-tomcat-8.5.0\temp
28-Jan-2022 12:26:29.795 SEVERE [main] org.apache.catalina.core.AprLifecycleListener.init An incompatible version [1.2.5] of the Apache Tomcat Native library is installed, while Tomcat requires version [1.2.14]
28-Jan-2022 12:26:30.311 INFO [main] org.apache.coyote.AbstractProtocol.init Initializing ProtocolHandler ["http-nio-8080"]
28-Jan-2022 12:26:30.373 SEVERE [main] org.apache.catalina.util.LifecycleBase.handleSubClassException Failed to initialize component [Connector[HTTP/1.1-8080]]
 org.apache.catalina.LifecycleException: Protocol handler initialization failed
	at org.apache.catalina.connector.Connector.initInternal(Connector.java:1049)
	at org.apache.catalina.util.LifecycleBase.init(LifecycleBase.java:136)
	at org.apache.catalina.core.StandardService.initInternal(StandardService.java:556)
	at org.apache.catalina.util.LifecycleBase.init(LifecycleBase.java:136)
	at org.apache.catalina.core.StandardServer.initInternal(StandardServer.java:1042)
	at org.apache.catalina.util.LifecycleBase.init(LifecycleBase.java:136)
	at org.apache.catalina.startup.Catalina.load(Catalina.java:724)
	at org.apache.catalina.startup.Catalina.load(Catalina.java:746)
	at java.base/jdk.internal.reflect.NativeMethodAccessorImpl.invoke0(Native Method)
	at java.base/jdk.internal.reflect.NativeMethodAccessorImpl.invoke(NativeMethodAccessorImpl.java:77)
	at java.base/jdk.internal.reflect.DelegatingMethodAccessorImpl.invoke(DelegatingMethodAccessorImpl.java:43)
	at java.base/java.lang.reflect.Method.invoke(Method.java:568)
	at org.apache.catalina.startup.Bootstrap.load(Bootstrap.java:311)
	at org.apache.catalina.startup.Bootstrap.main(Bootstrap.java:494)
Caused by: java.net.BindException: Address already in use: bind
	at java.base/sun.nio.ch.Net.bind0(Native Method)
	at java.base/sun.nio.ch.Net.bind(Net.java:555)
	at java.base/sun.nio.ch.ServerSocketChannelImpl.netBind(ServerSocketChannelImpl.java:337)
	at java.base/sun.nio.ch.ServerSocketChannelImpl.bind(ServerSocketChannelImpl.java:294)
	at org.apache.tomcat.util.net.NioEndpoint.initServerSocket(NioEndpoint.java:271)
	at org.apache.tomcat.util.net.NioEndpoint.bind(NioEndpoint.java:226)
	at org.apache.tomcat.util.net.AbstractEndpoint.bindWithCleanup(AbstractEndpoint.java:1213)
	at org.apache.tomcat.util.net.AbstractEndpoint.init(AbstractEndpoint.java:1226)
	at org.apache.coyote.AbstractProtocol.init(AbstractProtocol.java:603)
	at org.apache.coyote.http11.AbstractHttp11Protocol.init(AbstractHttp11Protocol.java:80)
	at org.apache.catalina.connector.Connector.initInternal(Connector.java:1046)
	... 13 more

28-Jan-2022 12:26:30.378 INFO [main] org.apache.catalina.startup.Catalina.load Server initialization in [1866] milliseconds
28-Jan-2022 12:26:30.472 INFO [main] org.apache.catalina.core.StandardService.startInternal Starting service [Catalina]
28-Jan-2022 12:26:30.472 INFO [main] org.apache.catalina.core.StandardEngine.startInternal Starting Servlet engine: [Apache Tomcat/9.0.55]
28-Jan-2022 12:26:30.487 SEVERE [main] org.apache.catalina.realm.JAASRealm.parseClassNames Class [JaasSecurity.UserPrincipal] was not found
28-Jan-2022 12:26:30.487 SEVERE [main] org.apache.catalina.realm.JAASRealm.parseClassNames Class [JaasSecurity.RolePrincipal] was not found
28-Jan-2022 12:26:31.472 INFO [main] org.apache.catalina.startup.HostConfig.deployDirectory Deploying web application directory [C:\Users\mulla\OneDrive\Documents\GitHub\TomCatChatter\apache-tomcat-8.5.0\webapps\docs]
28-Jan-2022 12:26:31.519 WARNING [main] org.apache.tomcat.util.digester.Digester.endElement No rules found matching [Context/Context/Realm]
28-Jan-2022 12:26:31.519 WARNING [main] org.apache.tomcat.util.digester.Digester.endElement No rules found matching [Context/Context]
28-Jan-2022 12:26:32.519 INFO [main] org.apache.jasper.servlet.TldScanner.scanJars At least one JAR was scanned for TLDs yet contained no TLDs. Enable debug logging for this logger for a complete list of JARs that were scanned but no TLDs were found in them. Skipping unneeded JARs during scanning can improve startup time and JSP compilation time.
28-Jan-2022 12:26:32.597 INFO [main] org.apache.catalina.startup.HostConfig.deployDirectory Deployment of web application directory [C:\Users\mulla\OneDrive\Documents\GitHub\TomCatChatter\apache-tomcat-8.5.0\webapps\docs] has finished in [1,125] ms
28-Jan-2022 12:26:32.597 INFO [main] org.apache.catalina.startup.HostConfig.deployDirectory Deploying web application directory [C:\Users\mulla\OneDrive\Documents\GitHub\TomCatChatter\apache-tomcat-8.5.0\webapps\examples]
28-Jan-2022 12:26:32.597 WARNING [main] org.apache.tomcat.util.digester.Digester.endElement No rules found matching [Context/Context/Realm]
28-Jan-2022 12:26:32.597 WARNING [main] org.apache.tomcat.util.digester.Digester.endElement No rules found matching [Context/Context]
28-Jan-2022 12:26:35.084 INFO [main] org.apache.jasper.servlet.TldScanner.scanJars At least one JAR was scanned for TLDs yet contained no TLDs. Enable debug logging for this logger for a complete list of JARs that were scanned but no TLDs were found in them. Skipping unneeded JARs during scanning can improve startup time and JSP compilation time.
28-Jan-2022 12:26:35.162 INFO [main] org.apache.catalina.startup.HostConfig.deployDirectory Deployment of web application directory [C:\Users\mulla\OneDrive\Documents\GitHub\TomCatChatter\apache-tomcat-8.5.0\webapps\examples] has finished in [2,565] ms
28-Jan-2022 12:26:35.162 INFO [main] org.apache.catalina.startup.HostConfig.deployDirectory Deploying web application directory [C:\Users\mulla\OneDrive\Documents\GitHub\TomCatChatter\apache-tomcat-8.5.0\webapps\host-manager]
28-Jan-2022 12:26:35.194 WARNING [main] org.apache.tomcat.util.digester.Digester.endElement No rules found matching [Context/Context/Realm]
28-Jan-2022 12:26:35.194 WARNING [main] org.apache.tomcat.util.digester.Digester.endElement No rules found matching [Context/Context]
28-Jan-2022 12:26:35.803 INFO [main] org.apache.jasper.servlet.TldScanner.scanJars At least one JAR was scanned for TLDs yet contained no TLDs. Enable debug logging for this logger for a complete list of JARs that were scanned but no TLDs were found in them. Skipping unneeded JARs during scanning can improve startup time and JSP compilation time.
28-Jan-2022 12:26:35.803 INFO [main] org.apache.catalina.startup.HostConfig.deployDirectory Deployment of web application directory [C:\Users\mulla\OneDrive\Documents\GitHub\TomCatChatter\apache-tomcat-8.5.0\webapps\host-manager] has finished in [641] ms
28-Jan-2022 12:26:35.803 INFO [main] org.apache.catalina.startup.HostConfig.deployDirectory Deploying web application directory [C:\Users\mulla\OneDrive\Documents\GitHub\TomCatChatter\apache-tomcat-8.5.0\webapps\manager]
28-Jan-2022 12:26:35.819 WARNING [main] org.apache.tomcat.util.digester.Digester.endElement No rules found matching [Context/Context/Realm]
28-Jan-2022 12:26:35.819 WARNING [main] org.apache.tomcat.util.digester.Digester.endElement No rules found matching [Context/Context]
28-Jan-2022 12:26:36.428 INFO [main] org.apache.jasper.servlet.TldScanner.scanJars At least one JAR was scanned for TLDs yet contained no TLDs. Enable debug logging for this logger for a complete list of JARs that were scanned but no TLDs were found in them. Skipping unneeded JARs during scanning can improve startup time and JSP compilation time.
28-Jan-2022 12:26:36.428 INFO [main] org.apache.catalina.startup.HostConfig.deployDirectory Deployment of web application directory [C:\Users\mulla\OneDrive\Documents\GitHub\TomCatChatter\apache-tomcat-8.5.0\webapps\manager] has finished in [625] ms
28-Jan-2022 12:26:36.428 INFO [main] org.apache.catalina.startup.HostConfig.deployDirectory Deploying web application directory [C:\Users\mulla\OneDrive\Documents\GitHub\TomCatChatter\apache-tomcat-8.5.0\webapps\ROOT]
28-Jan-2022 12:26:36.428 WARNING [main] org.apache.tomcat.util.digester.Digester.endElement No rules found matching [Context/Context/Realm]
28-Jan-2022 12:26:36.428 WARNING [main] org.apache.tomcat.util.digester.Digester.endElement No rules found matching [Context/Context]
28-Jan-2022 12:26:36.912 INFO [main] org.apache.jasper.servlet.TldScanner.scanJars At least one JAR was scanned for TLDs yet contained no TLDs. Enable debug logging for this logger for a complete list of JARs that were scanned but no TLDs were found in them. Skipping unneeded JARs during scanning can improve startup time and JSP compilation time.
28-Jan-2022 12:26:36.912 INFO [main] org.apache.catalina.startup.HostConfig.deployDirectory Deployment of web application directory [C:\Users\mulla\OneDrive\Documents\GitHub\TomCatChatter\apache-tomcat-8.5.0\webapps\ROOT] has finished in [484] ms
28-Jan-2022 12:26:36.928 INFO [main] org.apache.catalina.startup.HostConfig.deployDirectory Deploying web application directory [C:\Users\mulla\OneDrive\Documents\GitHub\TomCatChatter\apache-tomcat-8.5.0\webapps\TomCatChatter_war]
28-Jan-2022 12:26:36.928 WARNING [main] org.apache.tomcat.util.digester.Digester.endElement No rules found matching [Context/Context/Realm]
28-Jan-2022 12:26:36.928 WARNING [main] org.apache.tomcat.util.digester.Digester.endElement No rules found matching [Context/Context]
28-Jan-2022 12:26:40.273 INFO [main] org.apache.jasper.servlet.TldScanner.scanJars At least one JAR was scanned for TLDs yet contained no TLDs. Enable debug logging for this logger for a complete list of JARs that were scanned but no TLDs were found in them. Skipping unneeded JARs during scanning can improve startup time and JSP compilation time.
28-Jan-2022 12:26:40.320 INFO [main] org.apache.catalina.startup.HostConfig.deployDirectory Deployment of web application directory [C:\Users\mulla\OneDrive\Documents\GitHub\TomCatChatter\apache-tomcat-8.5.0\webapps\TomCatChatter_war] has finished in [3,392] ms
28-Jan-2022 12:26:40.333 INFO [main] org.apache.catalina.startup.Catalina.start Server startup in [9951] milliseconds
28-Jan-2022 12:26:40.333 SEVERE [main] org.apache.catalina.core.StandardServer.await Failed to create server shutdown socket on address [localhost] and port [8005] (base port [8005] and offset [0])
 java.net.BindException: Address already in use: bind
	at java.base/sun.nio.ch.Net.bind0(Native Method)
	at java.base/sun.nio.ch.Net.bind(Net.java:555)
	at java.base/sun.nio.ch.Net.bind(Net.java:544)
	at java.base/sun.nio.ch.NioSocketImpl.bind(NioSocketImpl.java:643)
	at java.base/java.net.ServerSocket.bind(ServerSocket.java:388)
	at java.base/java.net.ServerSocket.<init>(ServerSocket.java:274)
	at org.apache.catalina.core.StandardServer.await(StandardServer.java:577)
	at org.apache.catalina.startup.Catalina.await(Catalina.java:864)
	at org.apache.catalina.startup.Catalina.start(Catalina.java:810)
	at java.base/jdk.internal.reflect.NativeMethodAccessorImpl.invoke0(Native Method)
	at java.base/jdk.internal.reflect.NativeMethodAccessorImpl.invoke(NativeMethodAccessorImpl.java:77)
	at java.base/jdk.internal.reflect.DelegatingMethodAccessorImpl.invoke(DelegatingMethodAccessorImpl.java:43)
	at java.base/java.lang.reflect.Method.invoke(Method.java:568)
	at org.apache.catalina.startup.Bootstrap.start(Bootstrap.java:355)
	at org.apache.catalina.startup.Bootstrap.main(Bootstrap.java:495)

28-Jan-2022 12:26:40.333 INFO [main] org.apache.coyote.AbstractProtocol.pause Pausing ProtocolHandler ["http-nio-8080"]
28-Jan-2022 12:26:40.333 INFO [main] org.apache.catalina.core.StandardService.stopInternal Stopping service [Catalina]
28-Jan-2022 12:26:40.333 WARNING [main] org.apache.catalina.loader.WebappClassLoaderBase.clearReferencesObjectStreamClassCaches When running on Java 9 or later you need to add "--add-opens=java.base/java.io=null" to the JVM command line arguments to enable ObjectStream cache memory leak protection. Alternatively, you can suppress this warning by disabling ObjectStream class cache memory leak protection.
28-Jan-2022 12:26:40.333 WARNING [main] org.apache.catalina.loader.WebappClassLoaderBase.checkThreadLocalsForLeaks When running on Java 9 or later you need to add "--add-opens=java.base/java.lang=null" to the JVM command line arguments to enable ThreadLocal memory leak detection. Alternatively, you can suppress this warning by disabling ThreadLocal memory leak detection.
28-Jan-2022 12:26:40.348 WARNING [main] org.apache.catalina.loader.WebappClassLoaderBase.clearReferencesRmiTargets When running on Java 9 or later you need to add "--add-opens=java.rmi/sun.rmi.transport=null" to the JVM command line arguments to enable RMI Target memory leak detection. Alternatively, you can suppress this warning by disabling RMI Target memory leak detection.
28-Jan-2022 12:26:40.348 WARNING [main] org.apache.catalina.loader.WebappClassLoaderBase.clearReferencesObjectStreamClassCaches When running on Java 9 or later you need to add "--add-opens=java.base/java.io=null" to the JVM command line arguments to enable ObjectStream cache memory leak protection. Alternatively, you can suppress this warning by disabling ObjectStream class cache memory leak protection.
28-Jan-2022 12:26:40.348 WARNING [main] org.apache.catalina.loader.WebappClassLoaderBase.checkThreadLocalsForLeaks When running on Java 9 or later you need to add "--add-opens=java.base/java.lang=null" to the JVM command line arguments to enable ThreadLocal memory leak detection. Alternatively, you can suppress this warning by disabling ThreadLocal memory leak detection.
28-Jan-2022 12:26:40.348 WARNING [main] org.apache.catalina.loader.WebappClassLoaderBase.clearReferencesRmiTargets When running on Java 9 or later you need to add "--add-opens=java.rmi/sun.rmi.transport=null" to the JVM command line arguments to enable RMI Target memory leak detection. Alternatively, you can suppress this warning by disabling RMI Target memory leak detection.
28-Jan-2022 12:26:40.364 WARNING [main] org.apache.catalina.loader.WebappClassLoaderBase.clearReferencesObjectStreamClassCaches When running on Java 9 or later you need to add "--add-opens=java.base/java.io=null" to the JVM command line arguments to enable ObjectStream cache memory leak protection. Alternatively, you can suppress this warning by disabling ObjectStream class cache memory leak protection.
28-Jan-2022 12:26:40.364 WARNING [main] org.apache.catalina.loader.WebappClassLoaderBase.checkThreadLocalsForLeaks When running on Java 9 or later you need to add "--add-opens=java.base/java.lang=null" to the JVM command line arguments to enable ThreadLocal memory leak detection. Alternatively, you can suppress this warning by disabling ThreadLocal memory leak detection.
28-Jan-2022 12:26:40.364 WARNING [main] org.apache.catalina.loader.WebappClassLoaderBase.clearReferencesRmiTargets When running on Java 9 or later you need to add "--add-opens=java.rmi/sun.rmi.transport=null" to the JVM command line arguments to enable RMI Target memory leak detection. Alternatively, you can suppress this warning by disabling RMI Target memory leak detection.
28-Jan-2022 12:26:40.379 WARNING [main] org.apache.catalina.loader.WebappClassLoaderBase.clearReferencesThreads The web application [TomCatChatter_war] appears to have started a thread named [mysql-cj-abandoned-connection-cleanup] but has failed to stop it. This is very likely to create a memory leak. Stack trace of thread:
 java.base@17.0.1/java.io.WinNTFileSystem.canonicalize0(Native Method)
 java.base@17.0.1/java.io.WinNTFileSystem.canonicalize(WinNTFileSystem.java:417)
 java.base@17.0.1/java.io.File.getCanonicalPath(File.java:626)
 org.apache.catalina.webresources.AbstractFileResourceSet.file(AbstractFileResourceSet.java:94)
 org.apache.catalina.webresources.DirResourceSet.getResource(DirResourceSet.java:101)
 org.apache.catalina.webresources.StandardRoot.getResourceInternal(StandardRoot.java:281)
 org.apache.catalina.webresources.CachedResource.validateResource(CachedResource.java:105)
 org.apache.catalina.webresources.Cache.getResource(Cache.java:96)
 org.apache.catalina.webresources.StandardRoot.getResource(StandardRoot.java:216)
 org.apache.catalina.webresources.StandardRoot.getClassLoaderResource(StandardRoot.java:225)
 org.apache.catalina.loader.WebappClassLoaderBase.findResource(WebappClassLoaderBase.java:949)
 org.apache.catalina.loader.WebappClassLoaderBase.getResource(WebappClassLoaderBase.java:1073)
 com.mysql.cj.jdbc.AbandonedConnectionCleanupThread.checkThreadContextClassLoader(AbandonedConnectionCleanupThread.java:123)
 com.mysql.cj.jdbc.AbandonedConnectionCleanupThread.run(AbandonedConnectionCleanupThread.java:90)
 java.base@17.0.1/java.util.concurrent.ThreadPoolExecutor.runWorker(ThreadPoolExecutor.java:1136)
 java.base@17.0.1/java.util.concurrent.ThreadPoolExecutor$Worker.run(ThreadPoolExecutor.java:635)
 java.base@17.0.1/java.lang.Thread.run(Thread.java:833)
28-Jan-2022 12:26:40.379 WARNING [main] org.apache.catalina.loader.WebappClassLoaderBase.clearReferencesObjectStreamClassCaches When running on Java 9 or later you need to add "--add-opens=java.base/java.io=null" to the JVM command line arguments to enable ObjectStream cache memory leak protection. Alternatively, you can suppress this warning by disabling ObjectStream class cache memory leak protection.
28-Jan-2022 12:26:40.379 WARNING [main] org.apache.catalina.loader.WebappClassLoaderBase.checkThreadLocalsForLeaks When running on Java 9 or later you need to add "--add-opens=java.base/java.lang=null" to the JVM command line arguments to enable ThreadLocal memory leak detection. Alternatively, you can suppress this warning by disabling ThreadLocal memory leak detection.
28-Jan-2022 12:26:40.379 WARNING [main] org.apache.catalina.loader.WebappClassLoaderBase.clearReferencesRmiTargets When running on Java 9 or later you need to add "--add-opens=java.rmi/sun.rmi.transport=null" to the JVM command line arguments to enable RMI Target memory leak detection. Alternatively, you can suppress this warning by disabling RMI Target memory leak detection.
28-Jan-2022 12:26:40.379 WARNING [main] org.apache.catalina.loader.WebappClassLoaderBase.clearReferencesObjectStreamClassCaches When running on Java 9 or later you need to add "--add-opens=java.base/java.io=null" to the JVM command line arguments to enable ObjectStream cache memory leak protection. Alternatively, you can suppress this warning by disabling ObjectStream class cache memory leak protection.
28-Jan-2022 12:26:40.379 WARNING [main] org.apache.catalina.loader.WebappClassLoaderBase.checkThreadLocalsForLeaks When running on Java 9 or later you need to add "--add-opens=java.base/java.lang=null" to the JVM command line arguments to enable ThreadLocal memory leak detection. Alternatively, you can suppress this warning by disabling ThreadLocal memory leak detection.
28-Jan-2022 12:26:40.379 WARNING [main] org.apache.catalina.loader.WebappClassLoaderBase.clearReferencesRmiTargets When running on Java 9 or later you need to add "--add-opens=java.rmi/sun.rmi.transport=null" to the JVM command line arguments to enable RMI Target memory leak detection. Alternatively, you can suppress this warning by disabling RMI Target memory leak detection.
28-Jan-2022 12:26:40.379 WARNING [main] org.apache.catalina.loader.WebappClassLoaderBase.clearReferencesObjectStreamClassCaches When running on Java 9 or later you need to add "--add-opens=java.base/java.io=null" to the JVM command line arguments to enable ObjectStream cache memory leak protection. Alternatively, you can suppress this warning by disabling ObjectStream class cache memory leak protection.
28-Jan-2022 12:26:40.379 WARNING [main] org.apache.catalina.loader.WebappClassLoaderBase.checkThreadLocalsForLeaks When running on Java 9 or later you need to add "--add-opens=java.base/java.lang=null" to the JVM command line arguments to enable ThreadLocal memory leak detection. Alternatively, you can suppress this warning by disabling ThreadLocal memory leak detection.
28-Jan-2022 12:26:40.395 WARNING [main] org.apache.catalina.loader.WebappClassLoaderBase.clearReferencesRmiTargets When running on Java 9 or later you need to add "--add-opens=java.rmi/sun.rmi.transport=null" to the JVM command line arguments to enable RMI Target memory leak detection. Alternatively, you can suppress this warning by disabling RMI Target memory leak detection.
28-Jan-2022 12:26:40.395 INFO [main] org.apache.coyote.AbstractProtocol.stop Stopping ProtocolHandler ["http-nio-8080"]
28-Jan-2022 12:26:40.395 INFO [main] org.apache.coyote.AbstractProtocol.destroy Destroying ProtocolHandler ["http-nio-8080"]
28-Jan-2022 12:27:12.776 INFO [main] org.apache.catalina.startup.VersionLoggerListener.log Server version name:   Apache Tomcat/9.0.55
28-Jan-2022 12:27:12.776 INFO [main] org.apache.catalina.startup.VersionLoggerListener.log Server built:          Nov 10 2021 08:26:45 UTC
28-Jan-2022 12:27:12.776 INFO [main] org.apache.catalina.startup.VersionLoggerListener.log Server version number: 9.0.55.0
28-Jan-2022 12:27:12.776 INFO [main] org.apache.catalina.startup.VersionLoggerListener.log OS Name:               Windows 10
28-Jan-2022 12:27:12.776 INFO [main] org.apache.catalina.startup.VersionLoggerListener.log OS Version:            10.0
28-Jan-2022 12:27:12.776 INFO [main] org.apache.catalina.startup.VersionLoggerListener.log Architecture:          amd64
28-Jan-2022 12:27:12.776 INFO [main] org.apache.catalina.startup.VersionLoggerListener.log Java Home:             C:\Users\mulla\AppData\Local\Programs\Eclipse Adoptium\jdk-17.0.1.12-hotspot
28-Jan-2022 12:27:12.776 INFO [main] org.apache.catalina.startup.VersionLoggerListener.log JVM Version:           17.0.1+12
28-Jan-2022 12:27:12.776 INFO [main] org.apache.catalina.startup.VersionLoggerListener.log JVM Vendor:            Eclipse Adoptium
28-Jan-2022 12:27:12.776 INFO [main] org.apache.catalina.startup.VersionLoggerListener.log CATALINA_BASE:         C:\Users\mulla\OneDrive\Documents\GitHub\TomCatChatter\apache-tomcat-8.5.0
28-Jan-2022 12:27:12.776 INFO [main] org.apache.catalina.startup.VersionLoggerListener.log CATALINA_HOME:         C:\Users\mulla\OneDrive\Documents\GitHub\TomCatChatter\apache-tomcat-8.5.0
28-Jan-2022 12:27:12.794 INFO [main] org.apache.catalina.startup.VersionLoggerListener.log Command line argument: -Djava.util.logging.config.file=C:\Users\mulla\OneDrive\Documents\GitHub\TomCatChatter\apache-tomcat-8.5.0\conf\logging.properties
28-Jan-2022 12:27:12.794 INFO [main] org.apache.catalina.startup.VersionLoggerListener.log Command line argument: -Djava.util.logging.manager=org.apache.juli.ClassLoaderLogManager
28-Jan-2022 12:27:12.794 INFO [main] org.apache.catalina.startup.VersionLoggerListener.log Command line argument: -Dcatalina.base=C:\Users\mulla\OneDrive\Documents\GitHub\TomCatChatter\apache-tomcat-8.5.0
28-Jan-2022 12:27:12.794 INFO [main] org.apache.catalina.startup.VersionLoggerListener.log Command line argument: -Dcatalina.home=C:\Users\mulla\OneDrive\Documents\GitHub\TomCatChatter\apache-tomcat-8.5.0
28-Jan-2022 12:27:12.794 INFO [main] org.apache.catalina.startup.VersionLoggerListener.log Command line argument: -Djava.io.tmpdir=C:\Users\mulla\OneDrive\Documents\GitHub\TomCatChatter\apache-tomcat-8.5.0\temp
28-Jan-2022 12:27:12.794 SEVERE [main] org.apache.catalina.core.AprLifecycleListener.init An incompatible version [1.2.5] of the Apache Tomcat Native library is installed, while Tomcat requires version [1.2.14]
28-Jan-2022 12:27:13.263 INFO [main] org.apache.coyote.AbstractProtocol.init Initializing ProtocolHandler ["http-nio-8080"]
28-Jan-2022 12:27:13.310 INFO [main] org.apache.catalina.startup.Catalina.load Server initialization in [853] milliseconds
28-Jan-2022 12:27:13.388 INFO [main] org.apache.catalina.core.StandardService.startInternal Starting service [Catalina]
28-Jan-2022 12:27:13.388 INFO [main] org.apache.catalina.core.StandardEngine.startInternal Starting Servlet engine: [Apache Tomcat/9.0.55]
28-Jan-2022 12:27:13.404 SEVERE [main] org.apache.catalina.realm.JAASRealm.parseClassNames Class [JaasSecurity.UserPrincipal] was not found
28-Jan-2022 12:27:13.404 SEVERE [main] org.apache.catalina.realm.JAASRealm.parseClassNames Class [JaasSecurity.RolePrincipal] was not found
28-Jan-2022 12:27:13.998 INFO [main] org.apache.catalina.startup.HostConfig.deployDirectory Deploying web application directory [C:\Users\mulla\OneDrive\Documents\GitHub\TomCatChatter\apache-tomcat-8.5.0\webapps\docs]
28-Jan-2022 12:27:14.013 WARNING [main] org.apache.tomcat.util.digester.Digester.endElement No rules found matching [Context/Context/Realm]
28-Jan-2022 12:27:14.013 WARNING [main] org.apache.tomcat.util.digester.Digester.endElement No rules found matching [Context/Context]
28-Jan-2022 12:27:14.889 INFO [main] org.apache.jasper.servlet.TldScanner.scanJars At least one JAR was scanned for TLDs yet contained no TLDs. Enable debug logging for this logger for a complete list of JARs that were scanned but no TLDs were found in them. Skipping unneeded JARs during scanning can improve startup time and JSP compilation time.
28-Jan-2022 12:27:14.967 INFO [main] org.apache.catalina.startup.HostConfig.deployDirectory Deployment of web application directory [C:\Users\mulla\OneDrive\Documents\GitHub\TomCatChatter\apache-tomcat-8.5.0\webapps\docs] has finished in [969] ms
28-Jan-2022 12:27:14.967 INFO [main] org.apache.catalina.startup.HostConfig.deployDirectory Deploying web application directory [C:\Users\mulla\OneDrive\Documents\GitHub\TomCatChatter\apache-tomcat-8.5.0\webapps\examples]
28-Jan-2022 12:27:14.967 WARNING [main] org.apache.tomcat.util.digester.Digester.endElement No rules found matching [Context/Context/Realm]
28-Jan-2022 12:27:14.967 WARNING [main] org.apache.tomcat.util.digester.Digester.endElement No rules found matching [Context/Context]
28-Jan-2022 12:27:15.951 INFO [main] org.apache.jasper.servlet.TldScanner.scanJars At least one JAR was scanned for TLDs yet contained no TLDs. Enable debug logging for this logger for a complete list of JARs that were scanned but no TLDs were found in them. Skipping unneeded JARs during scanning can improve startup time and JSP compilation time.
28-Jan-2022 12:27:16.030 INFO [main] org.apache.catalina.startup.HostConfig.deployDirectory Deployment of web application directory [C:\Users\mulla\OneDrive\Documents\GitHub\TomCatChatter\apache-tomcat-8.5.0\webapps\examples] has finished in [1,063] ms
28-Jan-2022 12:27:16.030 INFO [main] org.apache.catalina.startup.HostConfig.deployDirectory Deploying web application directory [C:\Users\mulla\OneDrive\Documents\GitHub\TomCatChatter\apache-tomcat-8.5.0\webapps\host-manager]
28-Jan-2022 12:27:16.046 WARNING [main] org.apache.tomcat.util.digester.Digester.endElement No rules found matching [Context/Context/Realm]
28-Jan-2022 12:27:16.046 WARNING [main] org.apache.tomcat.util.digester.Digester.endElement No rules found matching [Context/Context]
28-Jan-2022 12:27:16.592 INFO [main] org.apache.jasper.servlet.TldScanner.scanJars At least one JAR was scanned for TLDs yet contained no TLDs. Enable debug logging for this logger for a complete list of JARs that were scanned but no TLDs were found in them. Skipping unneeded JARs during scanning can improve startup time and JSP compilation time.
28-Jan-2022 12:27:16.592 INFO [main] org.apache.catalina.startup.HostConfig.deployDirectory Deployment of web application directory [C:\Users\mulla\OneDrive\Documents\GitHub\TomCatChatter\apache-tomcat-8.5.0\webapps\host-manager] has finished in [562] ms
28-Jan-2022 12:27:16.592 INFO [main] org.apache.catalina.startup.HostConfig.deployDirectory Deploying web application directory [C:\Users\mulla\OneDrive\Documents\GitHub\TomCatChatter\apache-tomcat-8.5.0\webapps\manager]
28-Jan-2022 12:27:16.592 WARNING [main] org.apache.tomcat.util.digester.Digester.endElement No rules found matching [Context/Context/Realm]
28-Jan-2022 12:27:16.592 WARNING [main] org.apache.tomcat.util.digester.Digester.endElement No rules found matching [Context/Context]
28-Jan-2022 12:27:17.171 INFO [main] org.apache.jasper.servlet.TldScanner.scanJars At least one JAR was scanned for TLDs yet contained no TLDs. Enable debug logging for this logger for a complete list of JARs that were scanned but no TLDs were found in them. Skipping unneeded JARs during scanning can improve startup time and JSP compilation time.
28-Jan-2022 12:27:17.171 INFO [main] org.apache.catalina.startup.HostConfig.deployDirectory Deployment of web application directory [C:\Users\mulla\OneDrive\Documents\GitHub\TomCatChatter\apache-tomcat-8.5.0\webapps\manager] has finished in [579] ms
28-Jan-2022 12:27:17.171 INFO [main] org.apache.catalina.startup.HostConfig.deployDirectory Deploying web application directory [C:\Users\mulla\OneDrive\Documents\GitHub\TomCatChatter\apache-tomcat-8.5.0\webapps\ROOT]
28-Jan-2022 12:27:17.171 WARNING [main] org.apache.tomcat.util.digester.Digester.endElement No rules found matching [Context/Context/Realm]
28-Jan-2022 12:27:17.171 WARNING [main] org.apache.tomcat.util.digester.Digester.endElement No rules found matching [Context/Context]
28-Jan-2022 12:27:17.702 INFO [main] org.apache.jasper.servlet.TldScanner.scanJars At least one JAR was scanned for TLDs yet contained no TLDs. Enable debug logging for this logger for a complete list of JARs that were scanned but no TLDs were found in them. Skipping unneeded JARs during scanning can improve startup time and JSP compilation time.
28-Jan-2022 12:27:17.702 INFO [main] org.apache.catalina.startup.HostConfig.deployDirectory Deployment of web application directory [C:\Users\mulla\OneDrive\Documents\GitHub\TomCatChatter\apache-tomcat-8.5.0\webapps\ROOT] has finished in [531] ms
28-Jan-2022 12:27:17.702 INFO [main] org.apache.catalina.startup.HostConfig.deployDirectory Deploying web application directory [C:\Users\mulla\OneDrive\Documents\GitHub\TomCatChatter\apache-tomcat-8.5.0\webapps\TomCatChatter_war]
28-Jan-2022 12:27:17.702 WARNING [main] org.apache.tomcat.util.digester.Digester.endElement No rules found matching [Context/Context/Realm]
28-Jan-2022 12:27:17.702 WARNING [main] org.apache.tomcat.util.digester.Digester.endElement No rules found matching [Context/Context]
28-Jan-2022 12:27:19.282 INFO [main] org.apache.jasper.servlet.TldScanner.scanJars At least one JAR was scanned for TLDs yet contained no TLDs. Enable debug logging for this logger for a complete list of JARs that were scanned but no TLDs were found in them. Skipping unneeded JARs during scanning can improve startup time and JSP compilation time.
28-Jan-2022 12:27:19.313 INFO [main] org.apache.catalina.startup.HostConfig.deployDirectory Deployment of web application directory [C:\Users\mulla\OneDrive\Documents\GitHub\TomCatChatter\apache-tomcat-8.5.0\webapps\TomCatChatter_war] has finished in [1,611] ms
28-Jan-2022 12:27:19.331 INFO [main] org.apache.coyote.AbstractProtocol.start Starting ProtocolHandler ["http-nio-8080"]
28-Jan-2022 12:27:19.362 INFO [main] org.apache.catalina.startup.Catalina.start Server startup in [6045] milliseconds
28-Jan-2022 12:27:31.681 INFO [Thread-2] org.apache.coyote.AbstractProtocol.pause Pausing ProtocolHandler ["http-nio-8080"]
28-Jan-2022 12:27:31.688 INFO [Thread-2] org.apache.catalina.core.StandardService.stopInternal Stopping service [Catalina]
28-Jan-2022 12:27:31.699 WARNING [Thread-2] org.apache.catalina.loader.WebappClassLoaderBase.clearReferencesObjectStreamClassCaches When running on Java 9 or later you need to add "--add-opens=java.base/java.io=null" to the JVM command line arguments to enable ObjectStream cache memory leak protection. Alternatively, you can suppress this warning by disabling ObjectStream class cache memory leak protection.
28-Jan-2022 12:27:31.700 WARNING [Thread-2] org.apache.catalina.loader.WebappClassLoaderBase.checkThreadLocalsForLeaks When running on Java 9 or later you need to add "--add-opens=java.base/java.lang=null" to the JVM command line arguments to enable ThreadLocal memory leak detection. Alternatively, you can suppress this warning by disabling ThreadLocal memory leak detection.
28-Jan-2022 12:27:31.701 WARNING [Thread-2] org.apache.catalina.loader.WebappClassLoaderBase.clearReferencesRmiTargets When running on Java 9 or later you need to add "--add-opens=java.rmi/sun.rmi.transport=null" to the JVM command line arguments to enable RMI Target memory leak detection. Alternatively, you can suppress this warning by disabling RMI Target memory leak detection.
28-Jan-2022 12:27:31.701 WARNING [Thread-2] org.apache.catalina.loader.WebappClassLoaderBase.clearReferencesObjectStreamClassCaches When running on Java 9 or later you need to add "--add-opens=java.base/java.io=null" to the JVM command line arguments to enable ObjectStream cache memory leak protection. Alternatively, you can suppress this warning by disabling ObjectStream class cache memory leak protection.
28-Jan-2022 12:27:31.701 WARNING [Thread-2] org.apache.catalina.loader.WebappClassLoaderBase.checkThreadLocalsForLeaks When running on Java 9 or later you need to add "--add-opens=java.base/java.lang=null" to the JVM command line arguments to enable ThreadLocal memory leak detection. Alternatively, you can suppress this warning by disabling ThreadLocal memory leak detection.
28-Jan-2022 12:27:31.701 WARNING [Thread-2] org.apache.catalina.loader.WebappClassLoaderBase.clearReferencesRmiTargets When running on Java 9 or later you need to add "--add-opens=java.rmi/sun.rmi.transport=null" to the JVM command line arguments to enable RMI Target memory leak detection. Alternatively, you can suppress this warning by disabling RMI Target memory leak detection.
28-Jan-2022 12:27:31.717 WARNING [Thread-2] org.apache.catalina.loader.WebappClassLoaderBase.clearReferencesObjectStreamClassCaches When running on Java 9 or later you need to add "--add-opens=java.base/java.io=null" to the JVM command line arguments to enable ObjectStream cache memory leak protection. Alternatively, you can suppress this warning by disabling ObjectStream class cache memory leak protection.
28-Jan-2022 12:27:31.717 WARNING [Thread-2] org.apache.catalina.loader.WebappClassLoaderBase.checkThreadLocalsForLeaks When running on Java 9 or later you need to add "--add-opens=java.base/java.lang=null" to the JVM command line arguments to enable ThreadLocal memory leak detection. Alternatively, you can suppress this warning by disabling ThreadLocal memory leak detection.
28-Jan-2022 12:27:31.717 WARNING [Thread-2] org.apache.catalina.loader.WebappClassLoaderBase.clearReferencesRmiTargets When running on Java 9 or later you need to add "--add-opens=java.rmi/sun.rmi.transport=null" to the JVM command line arguments to enable RMI Target memory leak detection. Alternatively, you can suppress this warning by disabling RMI Target memory leak detection.
28-Jan-2022 12:27:31.748 WARNING [Thread-2] org.apache.catalina.loader.WebappClassLoaderBase.clearReferencesThreads The web application [TomCatChatter_war] appears to have started a thread named [mysql-cj-abandoned-connection-cleanup] but has failed to stop it. This is very likely to create a memory leak. Stack trace of thread:
 org.apache.catalina.webresources.Cache.getResource(Cache.java:76)
 org.apache.catalina.webresources.StandardRoot.getResource(StandardRoot.java:216)
 org.apache.catalina.webresources.StandardRoot.getClassLoaderResource(StandardRoot.java:225)
 org.apache.catalina.loader.WebappClassLoaderBase.findResource(WebappClassLoaderBase.java:949)
 org.apache.catalina.loader.WebappClassLoaderBase.getResource(WebappClassLoaderBase.java:1073)
 com.mysql.cj.jdbc.AbandonedConnectionCleanupThread.checkThreadContextClassLoader(AbandonedConnectionCleanupThread.java:123)
 com.mysql.cj.jdbc.AbandonedConnectionCleanupThread.run(AbandonedConnectionCleanupThread.java:90)
 java.base@17.0.1/java.util.concurrent.ThreadPoolExecutor.runWorker(ThreadPoolExecutor.java:1136)
 java.base@17.0.1/java.util.concurrent.ThreadPoolExecutor$Worker.run(ThreadPoolExecutor.java:635)
 java.base@17.0.1/java.lang.Thread.run(Thread.java:833)
28-Jan-2022 12:27:31.748 WARNING [Thread-2] org.apache.catalina.loader.WebappClassLoaderBase.clearReferencesObjectStreamClassCaches When running on Java 9 or later you need to add "--add-opens=java.base/java.io=null" to the JVM command line arguments to enable ObjectStream cache memory leak protection. Alternatively, you can suppress this warning by disabling ObjectStream class cache memory leak protection.
28-Jan-2022 12:27:31.748 WARNING [Thread-2] org.apache.catalina.loader.WebappClassLoaderBase.checkThreadLocalsForLeaks When running on Java 9 or later you need to add "--add-opens=java.base/java.lang=null" to the JVM command line arguments to enable ThreadLocal memory leak detection. Alternatively, you can suppress this warning by disabling ThreadLocal memory leak detection.
28-Jan-2022 12:27:31.748 WARNING [Thread-2] org.apache.catalina.loader.WebappClassLoaderBase.clearReferencesRmiTargets When running on Java 9 or later you need to add "--add-opens=java.rmi/sun.rmi.transport=null" to the JVM command line arguments to enable RMI Target memory leak detection. Alternatively, you can suppress this warning by disabling RMI Target memory leak detection.
28-Jan-2022 12:27:31.764 WARNING [Thread-2] org.apache.catalina.loader.WebappClassLoaderBase.clearReferencesObjectStreamClassCaches When running on Java 9 or later you need to add "--add-opens=java.base/java.io=null" to the JVM command line arguments to enable ObjectStream cache memory leak protection. Alternatively, you can suppress this warning by disabling ObjectStream class cache memory leak protection.
28-Jan-2022 12:27:31.764 WARNING [Thread-2] org.apache.catalina.loader.WebappClassLoaderBase.checkThreadLocalsForLeaks When running on Java 9 or later you need to add "--add-opens=java.base/java.lang=null" to the JVM command line arguments to enable ThreadLocal memory leak detection. Alternatively, you can suppress this warning by disabling ThreadLocal memory leak detection.
28-Jan-2022 12:27:31.764 WARNING [Thread-2] org.apache.catalina.loader.WebappClassLoaderBase.clearReferencesRmiTargets When running on Java 9 or later you need to add "--add-opens=java.rmi/sun.rmi.transport=null" to the JVM command line arguments to enable RMI Target memory leak detection. Alternatively, you can suppress this warning by disabling RMI Target memory leak detection.
28-Jan-2022 12:27:31.764 WARNING [Thread-2] org.apache.catalina.loader.WebappClassLoaderBase.clearReferencesObjectStreamClassCaches When running on Java 9 or later you need to add "--add-opens=java.base/java.io=null" to the JVM command line arguments to enable ObjectStream cache memory leak protection. Alternatively, you can suppress this warning by disabling ObjectStream class cache memory leak protection.
28-Jan-2022 12:27:31.764 WARNING [Thread-2] org.apache.catalina.loader.WebappClassLoaderBase.checkThreadLocalsForLeaks When running on Java 9 or later you need to add "--add-opens=java.base/java.lang=null" to the JVM command line arguments to enable ThreadLocal memory leak detection. Alternatively, you can suppress this warning by disabling ThreadLocal memory leak detection.
28-Jan-2022 12:27:31.764 WARNING [Thread-2] org.apache.catalina.loader.WebappClassLoaderBase.clearReferencesRmiTargets When running on Java 9 or later you need to add "--add-opens=java.rmi/sun.rmi.transport=null" to the JVM command line arguments to enable RMI Target memory leak detection. Alternatively, you can suppress this warning by disabling RMI Target memory leak detection.
28-Jan-2022 12:27:31.779 INFO [Thread-2] org.apache.coyote.AbstractProtocol.stop Stopping ProtocolHandler ["http-nio-8080"]
28-Jan-2022 12:27:31.795 INFO [Thread-2] org.apache.coyote.AbstractProtocol.destroy Destroying ProtocolHandler ["http-nio-8080"]
